15:06:15.315 1088 [main] DEBUG com.hoon.cmd.Application - ==[Application main method start]==
15:06:16.860 2633 [main] INFO  com.hoon.cmd.Application - Starting Application on hoon-PC with PID 1740 (C:\dev\project\cmdProject\cmd-web\build\classes\main started by hoon in C:\dev\project\cmdProject)
15:06:16.861 2634 [main] DEBUG com.hoon.cmd.Application - Running with Spring Boot v1.2.5.RELEASE, Spring v4.1.7.RELEASE
15:06:16.932 2705 [main] INFO  o.s.b.c.e.AnnotationConfigEmbeddedWebApplicationContext - Refreshing org.springframework.boot.context.embedded.AnnotationConfigEmbeddedWebApplicationContext@20ce78ec: startup date [Fri Oct 16 15:06:16 KST 2015]; root of context hierarchy
15:06:19.497 5270 [main] INFO  o.s.b.f.s.DefaultListableBeanFactory - Overriding bean definition for bean 'beanNameViewResolver': replacing [Root bean: class [null]; scope=; abstract=false; lazyInit=false; autowireMode=3; dependencyCheck=0; autowireCandidate=true; primary=false; factoryBeanName=org.springframework.boot.autoconfigure.web.ErrorMvcAutoConfiguration$WhitelabelErrorViewConfiguration; factoryMethodName=beanNameViewResolver; initMethodName=null; destroyMethodName=(inferred); defined in class path resource [org/springframework/boot/autoconfigure/web/ErrorMvcAutoConfiguration$WhitelabelErrorViewConfiguration.class]] with [Root bean: class [null]; scope=; abstract=false; lazyInit=false; autowireMode=3; dependencyCheck=0; autowireCandidate=true; primary=false; factoryBeanName=org.springframework.boot.autoconfigure.web.WebMvcAutoConfiguration$WebMvcAutoConfigurationAdapter; factoryMethodName=beanNameViewResolver; initMethodName=null; destroyMethodName=(inferred); defined in class path resource [org/springframework/boot/autoconfigure/web/WebMvcAutoConfiguration$WebMvcAutoConfigurationAdapter.class]]
15:06:21.309 7082 [main] DEBUG org.jboss.logging - Logging Provider: org.jboss.logging.Slf4jLoggerProvider
15:06:21.311 7084 [main] INFO  o.h.validator.internal.util.Version - HV000001: Hibernate Validator 5.1.3.Final
15:06:21.329 7102 [main] DEBUG o.h.v.i.e.r.DefaultTraversableResolver - Found javax.persistence.Persistence on classpath containing 'getPersistenceUtil'. Assuming JPA 2 environment. Trying to instantiate JPA aware TraversableResolver
15:06:21.332 7105 [main] DEBUG o.h.v.i.e.r.DefaultTraversableResolver - Instantiated JPA aware TraversableResolver of type org.hibernate.validator.internal.engine.resolver.JPATraversableResolver.
15:06:21.355 7128 [main] WARN  o.s.b.c.e.AnnotationConfigEmbeddedWebApplicationContext - Exception encountered during context initialization - cancelling refresh attempt
org.springframework.beans.factory.BeanCreationException: Error creating bean with name 'org.springframework.boot.context.properties.ConfigurationPropertiesBindingPostProcessor': Invocation of init method failed; nested exception is javax.validation.ValidationException: Unable to instantiate Configuration.
	at org.springframework.beans.factory.support.AbstractAutowireCapableBeanFactory.initializeBean(AbstractAutowireCapableBeanFactory.java:1574) ~[spring-beans-4.1.7.RELEASE.jar:4.1.7.RELEASE]
	at org.springframework.beans.factory.support.AbstractAutowireCapableBeanFactory.doCreateBean(AbstractAutowireCapableBeanFactory.java:539) ~[spring-beans-4.1.7.RELEASE.jar:4.1.7.RELEASE]
	at org.springframework.beans.factory.support.AbstractAutowireCapableBeanFactory.createBean(AbstractAutowireCapableBeanFactory.java:476) ~[spring-beans-4.1.7.RELEASE.jar:4.1.7.RELEASE]
	at org.springframework.beans.factory.support.AbstractBeanFactory$1.getObject(AbstractBeanFactory.java:303) ~[spring-beans-4.1.7.RELEASE.jar:4.1.7.RELEASE]
	at org.springframework.beans.factory.support.DefaultSingletonBeanRegistry.getSingleton(DefaultSingletonBeanRegistry.java:230) ~[spring-beans-4.1.7.RELEASE.jar:4.1.7.RELEASE]
	at org.springframework.beans.factory.support.AbstractBeanFactory.doGetBean(AbstractBeanFactory.java:299) ~[spring-beans-4.1.7.RELEASE.jar:4.1.7.RELEASE]
	at org.springframework.beans.factory.support.AbstractBeanFactory.getBean(AbstractBeanFactory.java:199) ~[spring-beans-4.1.7.RELEASE.jar:4.1.7.RELEASE]
	at org.springframework.context.support.PostProcessorRegistrationDelegate.registerBeanPostProcessors(PostProcessorRegistrationDelegate.java:199) ~[spring-context-4.1.7.RELEASE.jar:4.1.7.RELEASE]
	at org.springframework.context.support.AbstractApplicationContext.registerBeanPostProcessors(AbstractApplicationContext.java:615) ~[spring-context-4.1.7.RELEASE.jar:4.1.7.RELEASE]
	at org.springframework.context.support.AbstractApplicationContext.refresh(AbstractApplicationContext.java:465) ~[spring-context-4.1.7.RELEASE.jar:4.1.7.RELEASE]
	at org.springframework.boot.context.embedded.EmbeddedWebApplicationContext.refresh(EmbeddedWebApplicationContext.java:118) [spring-boot-1.2.5.RELEASE.jar:1.2.5.RELEASE]
	at org.springframework.boot.SpringApplication.refresh(SpringApplication.java:686) [spring-boot-1.2.5.RELEASE.jar:1.2.5.RELEASE]
	at org.springframework.boot.SpringApplication.run(SpringApplication.java:320) [spring-boot-1.2.5.RELEASE.jar:1.2.5.RELEASE]
	at org.springframework.boot.SpringApplication.run(SpringApplication.java:957) [spring-boot-1.2.5.RELEASE.jar:1.2.5.RELEASE]
	at org.springframework.boot.SpringApplication.run(SpringApplication.java:946) [spring-boot-1.2.5.RELEASE.jar:1.2.5.RELEASE]
	at com.hoon.cmd.Application.main(Application.java:24) [main/:na]
	at sun.reflect.NativeMethodAccessorImpl.invoke0(Native Method) ~[na:1.8.0_51]
	at sun.reflect.NativeMethodAccessorImpl.invoke(NativeMethodAccessorImpl.java:62) ~[na:1.8.0_51]
	at sun.reflect.DelegatingMethodAccessorImpl.invoke(DelegatingMethodAccessorImpl.java:43) ~[na:1.8.0_51]
	at java.lang.reflect.Method.invoke(Method.java:497) ~[na:1.8.0_51]
	at com.intellij.rt.execution.application.AppMain.main(AppMain.java:140) [idea_rt.jar:na]
Caused by: javax.validation.ValidationException: Unable to instantiate Configuration.
	at javax.validation.Validation$GenericBootstrapImpl.configure(Validation.java:279) ~[validation-api-1.1.0.Final.jar:na]
	at org.springframework.validation.beanvalidation.LocalValidatorFactoryBean.afterPropertiesSet(LocalValidatorFactoryBean.java:223) ~[spring-context-4.1.7.RELEASE.jar:4.1.7.RELEASE]
	at org.springframework.boot.context.properties.ConfigurationPropertiesBindingPostProcessor$Jsr303ValidatorFactory.run(ConfigurationPropertiesBindingPostProcessor.java:381) ~[spring-boot-1.2.5.RELEASE.jar:1.2.5.RELEASE]
	at org.springframework.boot.context.properties.ConfigurationPropertiesBindingPostProcessor.afterPropertiesSet(ConfigurationPropertiesBindingPostProcessor.java:174) ~[spring-boot-1.2.5.RELEASE.jar:1.2.5.RELEASE]
	at org.springframework.beans.factory.support.AbstractAutowireCapableBeanFactory.invokeInitMethods(AbstractAutowireCapableBeanFactory.java:1633) ~[spring-beans-4.1.7.RELEASE.jar:4.1.7.RELEASE]
	at org.springframework.beans.factory.support.AbstractAutowireCapableBeanFactory.initializeBean(AbstractAutowireCapableBeanFactory.java:1570) ~[spring-beans-4.1.7.RELEASE.jar:4.1.7.RELEASE]
	... 20 common frames omitted
Caused by: javax.validation.ValidationException: HV000183: Unable to load 'javax.el.ExpressionFactory'. Check that you have the EL dependencies on the classpath
	at org.hibernate.validator.messageinterpolation.ResourceBundleMessageInterpolator.<init>(ResourceBundleMessageInterpolator.java:172) ~[hibernate-validator-5.1.3.Final.jar:5.1.3.Final]
	at org.hibernate.validator.messageinterpolation.ResourceBundleMessageInterpolator.<init>(ResourceBundleMessageInterpolator.java:118) ~[hibernate-validator-5.1.3.Final.jar:5.1.3.Final]
	at org.hibernate.validator.internal.engine.ConfigurationImpl.<init>(ConfigurationImpl.java:110) ~[hibernate-validator-5.1.3.Final.jar:5.1.3.Final]
	at org.hibernate.validator.internal.engine.ConfigurationImpl.<init>(ConfigurationImpl.java:86) ~[hibernate-validator-5.1.3.Final.jar:5.1.3.Final]
	at org.hibernate.validator.HibernateValidator.createGenericConfiguration(HibernateValidator.java:41) ~[hibernate-validator-5.1.3.Final.jar:5.1.3.Final]
	at javax.validation.Validation$GenericBootstrapImpl.configure(Validation.java:276) ~[validation-api-1.1.0.Final.jar:na]
	... 25 common frames omitted
15:06:21.363 7136 [main] INFO  o.s.b.l.ClasspathLoggingApplicationListener - Application failed to start with classpath: [file:/C:/dev/java/jdk1.8.0_51/jre/lib/charsets.jar, file:/C:/dev/java/jdk1.8.0_51/jre/lib/deploy.jar, file:/C:/dev/java/jdk1.8.0_51/jre/lib/javaws.jar, file:/C:/dev/java/jdk1.8.0_51/jre/lib/jce.jar, file:/C:/dev/java/jdk1.8.0_51/jre/lib/jfr.jar, file:/C:/dev/java/jdk1.8.0_51/jre/lib/jfxswt.jar, file:/C:/dev/java/jdk1.8.0_51/jre/lib/jsse.jar, file:/C:/dev/java/jdk1.8.0_51/jre/lib/management-agent.jar, file:/C:/dev/java/jdk1.8.0_51/jre/lib/plugin.jar, file:/C:/dev/java/jdk1.8.0_51/jre/lib/resources.jar, file:/C:/dev/java/jdk1.8.0_51/jre/lib/rt.jar, file:/C:/dev/java/jdk1.8.0_51/jre/lib/ext/access-bridge-64.jar, file:/C:/dev/java/jdk1.8.0_51/jre/lib/ext/cldrdata.jar, file:/C:/dev/java/jdk1.8.0_51/jre/lib/ext/dnsns.jar, file:/C:/dev/java/jdk1.8.0_51/jre/lib/ext/jaccess.jar, file:/C:/dev/java/jdk1.8.0_51/jre/lib/ext/jfxrt.jar, file:/C:/dev/java/jdk1.8.0_51/jre/lib/ext/localedata.jar, file:/C:/dev/java/jdk1.8.0_51/jre/lib/ext/nashorn.jar, file:/C:/dev/java/jdk1.8.0_51/jre/lib/ext/sunec.jar, file:/C:/dev/java/jdk1.8.0_51/jre/lib/ext/sunjce_provider.jar, file:/C:/dev/java/jdk1.8.0_51/jre/lib/ext/sunmscapi.jar, file:/C:/dev/java/jdk1.8.0_51/jre/lib/ext/sunpkcs11.jar, file:/C:/dev/java/jdk1.8.0_51/jre/lib/ext/zipfs.jar, file:/C:/dev/project/cmdProject/cmd-web/build/classes/main/, file:/C:/dev/project/cmdProject/cmd-web/build/resources/main/, file:/C:/Users/hoon/.m2/repository/aopalliance/aopalliance/1.0/aopalliance-1.0.jar, file:/C:/Users/hoon/.gradle/caches/modules-2/files-2.1/org.springframework.boot/spring-boot-starter-data-jpa/1.2.5.RELEASE/61f0c37e9c6e966e8833c9cc9a5fa855b9789907/spring-boot-starter-data-jpa-1.2.5.RELEASE.jar, file:/C:/Users/hoon/.gradle/caches/modules-2/files-2.1/org.springframework.boot/spring-boot-starter-actuator/1.2.5.RELEASE/40bf8cebd6ce727abc1f671f9d7445f7f400a27d/spring-boot-starter-actuator-1.2.5.RELEASE.jar, file:/C:/Users/hoon/.gradle/caches/modules-2/files-2.1/mysql/mysql-connector-java/5.1.35/b6ac941b7288376a7e8bc6490264bbd4427fb94e/mysql-connector-java-5.1.35.jar, file:/C:/Users/hoon/.gradle/caches/modules-2/files-2.1/org.projectlombok/lombok/1.16.6/9d3a47307466b28632bf35f8972ae9d703879416/lombok-1.16.6.jar, file:/C:/Users/hoon/.gradle/caches/modules-2/files-2.1/org.codehaus.janino/janino/2.7.7/3c4247c17972015c8a088eb8479f188e993c02c4/janino-2.7.7.jar, file:/C:/Users/hoon/.gradle/caches/modules-2/files-2.1/org.springframework.boot/spring-boot-starter-batch/1.2.5.RELEASE/d82a827fe74d6fe8fc1ae1bd9eb250a4b2d33c15/spring-boot-starter-batch-1.2.5.RELEASE.jar, file:/C:/Users/hoon/.gradle/caches/modules-2/files-2.1/commons-io/commons-io/2.4/b1b6ea3b7e4aa4f492509a4952029cd8e48019ad/commons-io-2.4.jar, file:/C:/Users/hoon/.gradle/caches/modules-2/files-2.1/org.springframework.boot/spring-boot-starter-web/1.2.5.RELEASE/afe2043ba5aa7d112a4ef0c907ebc6dbf8b93ce5/spring-boot-starter-web-1.2.5.RELEASE.jar, file:/C:/Users/hoon/.m2/repository/javax/servlet/jstl/1.2/jstl-1.2.jar, file:/C:/Users/hoon/.gradle/caches/modules-2/files-2.1/javax.servlet/javax.servlet-api/3.1.0/3cd63d075497751784b2fa84be59432f4905bf7c/javax.servlet-api-3.1.0.jar, file:/C:/Users/hoon/.gradle/caches/modules-2/files-2.1/org.springframework.boot/spring-boot-starter/1.2.5.RELEASE/416b6339599892cb33077c9fd901de7669c38cbe/spring-boot-starter-1.2.5.RELEASE.jar, file:/C:/Users/hoon/.gradle/caches/modules-2/files-2.1/org.springframework.boot/spring-boot-starter-aop/1.2.5.RELEASE/43a1370e25daf67bbb0aa2b5d5375c31e6ca0c2/spring-boot-starter-aop-1.2.5.RELEASE.jar, file:/C:/Users/hoon/.gradle/caches/modules-2/files-2.1/org.springframework/spring-core/4.1.7.RELEASE/9f8e34eef228f44bda771c9dc62e9f1efa82c92d/spring-core-4.1.7.RELEASE.jar, file:/C:/Users/hoon/.gradle/caches/modules-2/files-2.1/org.springframework.boot/spring-boot-starter-jdbc/1.2.5.RELEASE/b3d82a1f451318dfe45ccbc77ce6f346b95b81c1/spring-boot-starter-jdbc-1.2.5.RELEASE.jar, file:/C:/Users/hoon/.gradle/caches/modules-2/files-2.1/org.hibernate/hibernate-entitymanager/4.3.10.Final/1d1beb7bbd179d9bf241c4a8165f0bf3693aca/hibernate-entitymanager-4.3.10.Final.jar, file:/C:/Users/hoon/.gradle/caches/modules-2/files-2.1/javax.transaction/javax.transaction-api/1.2/d81aff979d603edd90dcd8db2abc1f4ce6479e3e/javax.transaction-api-1.2.jar, file:/C:/Users/hoon/.gradle/caches/modules-2/files-2.1/org.springframework/spring-orm/4.1.7.RELEASE/d8923bdffe631904899875e719d8b363bc3deaea/spring-orm-4.1.7.RELEASE.jar, file:/C:/Users/hoon/.gradle/caches/modules-2/files-2.1/org.springframework.data/spring-data-jpa/1.7.3.RELEASE/6cabfad10bc17017f31e6a066a25b238f9f5657b/spring-data-jpa-1.7.3.RELEASE.jar, file:/C:/Users/hoon/.gradle/caches/modules-2/files-2.1/org.springframework/spring-aspects/4.1.7.RELEASE/7bba74bc38abf8fdaa8ad8288574edb4430ed490/spring-aspects-4.1.7.RELEASE.jar, file:/C:/Users/hoon/.gradle/caches/modules-2/files-2.1/org.springframework.boot/spring-boot-actuator/1.2.5.RELEASE/e4fb248898da60475d73a24b32797a591d6b763c/spring-boot-actuator-1.2.5.RELEASE.jar, file:/C:/Users/hoon/.gradle/caches/modules-2/files-2.1/org.codehaus.janino/commons-compiler/2.7.7/6dbf5af89c388b52560deea8f2c7deb7d52a990b/commons-compiler-2.7.7.jar, file:/C:/Users/hoon/.gradle/caches/modules-2/files-2.1/org.hsqldb/hsqldb/2.3.3/d12d506194447dffb8a2b05dd2c50b0cdd73d9d1/hsqldb-2.3.3.jar, file:/C:/Users/hoon/.gradle/caches/modules-2/files-2.1/org.springframework/spring-jdbc/4.1.7.RELEASE/5e4c9931acaf2857efe5f1ad27e4791c0855b8b2/spring-jdbc-4.1.7.RELEASE.jar, file:/C:/Users/hoon/.gradle/caches/modules-2/files-2.1/org.springframework.batch/spring-batch-core/3.0.4.RELEASE/a5b81509164a8af57e47aa2a73db7ec6df180b5/spring-batch-core-3.0.4.RELEASE.jar, file:/C:/Users/hoon/.gradle/caches/modules-2/files-2.1/com.fasterxml.jackson.core/jackson-databind/2.4.6/3e63a25de4065697b185f523ed5e020c0db3ff0/jackson-databind-2.4.6.jar, file:/C:/Users/hoon/.gradle/caches/modules-2/files-2.1/org.hibernate/hibernate-validator/5.1.3.Final/334d46a93cf095160ce06d8382594b904933c808/hibernate-validator-5.1.3.Final.jar, file:/C:/Users/hoon/.gradle/caches/modules-2/files-2.1/org.springframework/spring-web/4.1.7.RELEASE/2d9245006b788d7d6afeec85a43e4bfe2e46340a/spring-web-4.1.7.RELEASE.jar, file:/C:/Users/hoon/.gradle/caches/modules-2/files-2.1/org.springframework/spring-webmvc/4.1.7.RELEASE/b6b9f604cb2223251cae67fff7ca2b1d9ff1c2d8/spring-webmvc-4.1.7.RELEASE.jar, file:/C:/Users/hoon/.gradle/caches/modules-2/files-2.1/org.springframework.boot/spring-boot/1.2.5.RELEASE/d12969adffe18f6f778451b1a8d1dab485ab4a03/spring-boot-1.2.5.RELEASE.jar, file:/C:/Users/hoon/.gradle/caches/modules-2/files-2.1/org.springframework.boot/spring-boot-autoconfigure/1.2.5.RELEASE/8f1ee1f5e37723dd0e2cd3b05c6fc9268798b93d/spring-boot-autoconfigure-1.2.5.RELEASE.jar, file:/C:/Users/hoon/.gradle/caches/modules-2/files-2.1/org.springframework.boot/spring-boot-starter-logging/1.2.5.RELEASE/79df0d68a15dd5437010e46df1806482a7878e76/spring-boot-starter-logging-1.2.5.RELEASE.jar, file:/C:/Users/hoon/.gradle/caches/modules-2/files-2.1/org.yaml/snakeyaml/1.14/c2df91929ed06a25001939929bff5120e0ea3fd4/snakeyaml-1.14.jar, file:/C:/Users/hoon/.gradle/caches/modules-2/files-2.1/org.springframework/spring-aop/4.1.7.RELEASE/127f005bac8ec1fbbbc5bb1595d78c6179394a46/spring-aop-4.1.7.RELEASE.jar, file:/C:/Users/hoon/.gradle/caches/modules-2/files-2.1/org.aspectj/aspectjrt/1.8.6/a7db7ea5f7bb18a1cbd9f24edd0e666504800be/aspectjrt-1.8.6.jar, file:/C:/Users/hoon/.gradle/caches/modules-2/files-2.1/org.aspectj/aspectjweaver/1.8.6/7108cf65148f29a55ebf23db2c46224ea9d086dc/aspectjweaver-1.8.6.jar, file:/C:/Users/hoon/.gradle/caches/modules-2/files-2.1/org.apache.tomcat/tomcat-jdbc/8.0.23/e304d420d7d43dcedb8c5bec005abc120b7c7ac3/tomcat-jdbc-8.0.23.jar, file:/C:/Users/hoon/.gradle/caches/modules-2/files-2.1/org.springframework/spring-tx/4.1.7.RELEASE/3465a5d3b24006d51482cf45abd13e347f64582a/spring-tx-4.1.7.RELEASE.jar, file:/C:/Users/hoon/.gradle/caches/modules-2/files-2.1/org.jboss.logging/jboss-logging/3.1.3.GA/64499e907f19e5e1b3fdc02f81440c1832fe3545/jboss-logging-3.1.3.GA.jar, file:/C:/Users/hoon/.gradle/caches/modules-2/files-2.1/org.jboss.logging/jboss-logging-annotations/1.2.0.Beta1/2f437f37bb265d9f8f1392823dbca12d2bec06d6/jboss-logging-annotations-1.2.0.Beta1.jar, file:/C:/Users/hoon/.gradle/caches/modules-2/files-2.1/org.hibernate/hibernate-core/4.3.10.Final/6dbf5fe7a8cb307587ad4b4a97ae0933bba5e2a9/hibernate-core-4.3.10.Final.jar, file:/C:/Users/hoon/.m2/repository/dom4j/dom4j/1.6.1/dom4j-1.6.1.jar, file:/C:/Users/hoon/.gradle/caches/modules-2/files-2.1/org.hibernate.common/hibernate-commons-annotations/4.0.5.Final/2a581b9edb8168e45060d8bad8b7f46712d2c52c/hibernate-commons-annotations-4.0.5.Final.jar, file:/C:/Users/hoon/.gradle/caches/modules-2/files-2.1/org.hibernate.javax.persistence/hibernate-jpa-2.1-api/1.0.0.Final/5e731d961297e5a07290bfaf3db1fbc8bbbf405a/hibernate-jpa-2.1-api-1.0.0.Final.jar, file:/C:/Users/hoon/.gradle/caches/modules-2/files-2.1/org.javassist/javassist/3.18.1-GA/d9a09f7732226af26bf99f19e2cffe0ae219db5b/javassist-3.18.1-GA.jar, file:/C:/Users/hoon/.gradle/caches/modules-2/files-2.1/org.springframework/spring-beans/4.1.7.RELEASE/e52148e9671e2918a2172c9cf56b77bede2042ce/spring-beans-4.1.7.RELEASE.jar, file:/C:/Users/hoon/.gradle/caches/modules-2/files-2.1/org.springframework.data/spring-data-commons/1.9.3.RELEASE/4cb967936cfb3ddaa493d632120b765d918caafd/spring-data-commons-1.9.3.RELEASE.jar, file:/C:/Users/hoon/.gradle/caches/modules-2/files-2.1/org.slf4j/slf4j-api/1.7.12/8e20852d05222dc286bf1c71d78d0531e177c317/slf4j-api-1.7.12.jar, file:/C:/Users/hoon/.gradle/caches/modules-2/files-2.1/org.slf4j/jcl-over-slf4j/1.7.12/adef7a9e1263298255fdb5cb107ff171d07c82f3/jcl-over-slf4j-1.7.12.jar, file:/C:/Users/hoon/.gradle/caches/modules-2/files-2.1/com.ibm.jbatch/com.ibm.jbatch-tck-spi/1.0/8ac869b0a60bff1a15eba0fb6398942410396938/com.ibm.jbatch-tck-spi-1.0.jar, file:/C:/Users/hoon/.gradle/caches/modules-2/files-2.1/com.thoughtworks.xstream/xstream/1.4.7/bce3282142b63068260f021fcbe48b72e8d71a1a/xstream-1.4.7.jar, file:/C:/Users/hoon/.gradle/caches/modules-2/files-2.1/org.codehaus.jettison/jettison/1.2/765a6181653f4b05c18c7a9e8f5c1f8269bf9b2/jettison-1.2.jar, file:/C:/Users/hoon/.gradle/caches/modules-2/files-2.1/org.springframework.batch/spring-batch-infrastructure/3.0.4.RELEASE/8c476b185d9ba56c48f463834d1e94b190fb3283/spring-batch-infrastructure-3.0.4.RELEASE.jar, file:/C:/Users/hoon/.m2/repository/com/fasterxml/jackson/core/jackson-annotations/2.4.0/jackson-annotations-2.4.0.jar, file:/C:/Users/hoon/.gradle/caches/modules-2/files-2.1/com.fasterxml.jackson.core/jackson-core/2.4.6/2a1f6edb86b8c6d29f37f6a807295d4e5c279707/jackson-core-2.4.6.jar, file:/C:/Users/hoon/.m2/repository/javax/validation/validation-api/1.1.0.Final/validation-api-1.1.0.Final.jar, file:/C:/Users/hoon/.m2/repository/com/fasterxml/classmate/1.0.0/classmate-1.0.0.jar, file:/C:/Users/hoon/.gradle/caches/modules-2/files-2.1/org.springframework/spring-expression/4.1.7.RELEASE/9bc3b81d05961f042ea4a45e84d60cdc59ea51f5/spring-expression-4.1.7.RELEASE.jar, file:/C:/Users/hoon/.gradle/caches/modules-2/files-2.1/org.slf4j/jul-to-slf4j/1.7.12/8811e2e9ab9055e557598dc9aedc64fd43e0ab20/jul-to-slf4j-1.7.12.jar, file:/C:/Users/hoon/.gradle/caches/modules-2/files-2.1/org.slf4j/log4j-over-slf4j/1.7.12/d2444c9c7c1923304c25f86c5ee83a79a8166205/log4j-over-slf4j-1.7.12.jar, file:/C:/Users/hoon/.gradle/caches/modules-2/files-2.1/ch.qos.logback/logback-classic/1.1.3/d90276fff414f06cb375f2057f6778cd63c6082f/logback-classic-1.1.3.jar, file:/C:/Users/hoon/.gradle/caches/modules-2/files-2.1/org.apache.tomcat/tomcat-juli/8.0.23/ad69207bd7a6eb39c8daa5f31c78749f0672e14d/tomcat-juli-8.0.23.jar, file:/C:/Users/hoon/.m2/repository/antlr/antlr/2.7.7/antlr-2.7.7.jar, file:/C:/Users/hoon/.gradle/caches/modules-2/files-2.1/org.jboss/jandex/1.1.0.Final/e84a2122e76f0b6503be78094ddf2108057ac15f/jandex-1.1.0.Final.jar, file:/C:/Users/hoon/.m2/repository/xml-apis/xml-apis/1.0.b2/xml-apis-1.0.b2.jar, file:/C:/Users/hoon/.gradle/caches/modules-2/files-2.1/javax.batch/javax.batch-api/1.0/65392d027a6eb369fd9fcd1b75cae150e25ac03c/javax.batch-api-1.0.jar, file:/C:/Users/hoon/.gradle/caches/modules-2/files-2.1/xmlpull/xmlpull/1.1.3.1/2b8e230d2ab644e4ecaa94db7cdedbc40c805dfa/xmlpull-1.1.3.1.jar, file:/C:/Users/hoon/.m2/repository/xpp3/xpp3_min/1.1.4c/xpp3_min-1.1.4c.jar, file:/C:/Users/hoon/.gradle/caches/modules-2/files-2.1/org.springframework.retry/spring-retry/1.1.0.RELEASE/f7e1ec1fd7c8fcaca490fd298c5b3fe711cb5ed9/spring-retry-1.1.0.RELEASE.jar, file:/C:/Users/hoon/.gradle/caches/modules-2/files-2.1/ch.qos.logback/logback-core/1.1.3/e3c02049f2dbbc764681b40094ecf0dcbc99b157/logback-core-1.1.3.jar, file:/C:/Users/hoon/.gradle/caches/modules-2/files-2.1/org.springframework/spring-context/4.1.7.RELEASE/8c6c02bcccfa23a74db59f7b7725e69e1af38f04/spring-context-4.1.7.RELEASE.jar, file:/C:/dev/project/cmdProject/cmd-domain/build/classes/main/, file:/C:/dev/project/cmdProject/cmd-domain/build/resources/main/, file:/C:/Users/hoon/.gradle/caches/modules-2/files-2.1/com.mysema.querydsl/querydsl-jpa/3.6.6/e9aec8a585a7046d14be33cf2e7a125f3f4adb2b/querydsl-jpa-3.6.6.jar, file:/C:/Users/hoon/.gradle/caches/modules-2/files-2.1/com.mysema.querydsl/querydsl-core/3.6.6/756febff45a1b87e3fbd84955846ceaf02444d3a/querydsl-core-3.6.6.jar, file:/C:/Users/hoon/.gradle/caches/modules-2/files-2.1/com.google.guava/guava/18.0/cce0823396aa693798f8882e64213b1772032b09/guava-18.0.jar, file:/C:/Users/hoon/.m2/repository/com/google/code/findbugs/jsr305/1.3.9/jsr305-1.3.9.jar, file:/C:/Users/hoon/.gradle/caches/modules-2/files-2.1/com.mysema.commons/mysema-commons-lang/0.2.4/d09c8489d54251a6c22fbce804bdd4a070557317/mysema-commons-lang-0.2.4.jar, file:/C:/Users/hoon/.gradle/caches/modules-2/files-2.1/com.infradna.tool/bridge-method-annotation/1.13/18cdce50cde6f54ee5390d0907384f72183ff0fe/bridge-method-annotation-1.13.jar, file:/C:/dev/java/JetBrains/IntelliJ%20IDEA%2014.1.4/lib/idea_rt.jar]
15:06:21.368 7141 [main] ERROR o.s.boot.SpringApplication - Application startup failed
org.springframework.beans.factory.BeanCreationException: Error creating bean with name 'org.springframework.boot.context.properties.ConfigurationPropertiesBindingPostProcessor': Invocation of init method failed; nested exception is javax.validation.ValidationException: Unable to instantiate Configuration.
	at org.springframework.beans.factory.support.AbstractAutowireCapableBeanFactory.initializeBean(AbstractAutowireCapableBeanFactory.java:1574) ~[spring-beans-4.1.7.RELEASE.jar:4.1.7.RELEASE]
	at org.springframework.beans.factory.support.AbstractAutowireCapableBeanFactory.doCreateBean(AbstractAutowireCapableBeanFactory.java:539) ~[spring-beans-4.1.7.RELEASE.jar:4.1.7.RELEASE]
	at org.springframework.beans.factory.support.AbstractAutowireCapableBeanFactory.createBean(AbstractAutowireCapableBeanFactory.java:476) ~[spring-beans-4.1.7.RELEASE.jar:4.1.7.RELEASE]
	at org.springframework.beans.factory.support.AbstractBeanFactory$1.getObject(AbstractBeanFactory.java:303) ~[spring-beans-4.1.7.RELEASE.jar:4.1.7.RELEASE]
	at org.springframework.beans.factory.support.DefaultSingletonBeanRegistry.getSingleton(DefaultSingletonBeanRegistry.java:230) ~[spring-beans-4.1.7.RELEASE.jar:4.1.7.RELEASE]
	at org.springframework.beans.factory.support.AbstractBeanFactory.doGetBean(AbstractBeanFactory.java:299) ~[spring-beans-4.1.7.RELEASE.jar:4.1.7.RELEASE]
	at org.springframework.beans.factory.support.AbstractBeanFactory.getBean(AbstractBeanFactory.java:199) ~[spring-beans-4.1.7.RELEASE.jar:4.1.7.RELEASE]
	at org.springframework.context.support.PostProcessorRegistrationDelegate.registerBeanPostProcessors(PostProcessorRegistrationDelegate.java:199) ~[spring-context-4.1.7.RELEASE.jar:4.1.7.RELEASE]
	at org.springframework.context.support.AbstractApplicationContext.registerBeanPostProcessors(AbstractApplicationContext.java:615) ~[spring-context-4.1.7.RELEASE.jar:4.1.7.RELEASE]
	at org.springframework.context.support.AbstractApplicationContext.refresh(AbstractApplicationContext.java:465) ~[spring-context-4.1.7.RELEASE.jar:4.1.7.RELEASE]
	at org.springframework.boot.context.embedded.EmbeddedWebApplicationContext.refresh(EmbeddedWebApplicationContext.java:118) ~[spring-boot-1.2.5.RELEASE.jar:1.2.5.RELEASE]
	at org.springframework.boot.SpringApplication.refresh(SpringApplication.java:686) [spring-boot-1.2.5.RELEASE.jar:1.2.5.RELEASE]
	at org.springframework.boot.SpringApplication.run(SpringApplication.java:320) [spring-boot-1.2.5.RELEASE.jar:1.2.5.RELEASE]
	at org.springframework.boot.SpringApplication.run(SpringApplication.java:957) [spring-boot-1.2.5.RELEASE.jar:1.2.5.RELEASE]
	at org.springframework.boot.SpringApplication.run(SpringApplication.java:946) [spring-boot-1.2.5.RELEASE.jar:1.2.5.RELEASE]
	at com.hoon.cmd.Application.main(Application.java:24) [main/:na]
	at sun.reflect.NativeMethodAccessorImpl.invoke0(Native Method) ~[na:1.8.0_51]
	at sun.reflect.NativeMethodAccessorImpl.invoke(NativeMethodAccessorImpl.java:62) ~[na:1.8.0_51]
	at sun.reflect.DelegatingMethodAccessorImpl.invoke(DelegatingMethodAccessorImpl.java:43) ~[na:1.8.0_51]
	at java.lang.reflect.Method.invoke(Method.java:497) ~[na:1.8.0_51]
	at com.intellij.rt.execution.application.AppMain.main(AppMain.java:140) [idea_rt.jar:na]
Caused by: javax.validation.ValidationException: Unable to instantiate Configuration.
	at javax.validation.Validation$GenericBootstrapImpl.configure(Validation.java:279) ~[validation-api-1.1.0.Final.jar:na]
	at org.springframework.validation.beanvalidation.LocalValidatorFactoryBean.afterPropertiesSet(LocalValidatorFactoryBean.java:223) ~[spring-context-4.1.7.RELEASE.jar:4.1.7.RELEASE]
	at org.springframework.boot.context.properties.ConfigurationPropertiesBindingPostProcessor$Jsr303ValidatorFactory.run(ConfigurationPropertiesBindingPostProcessor.java:381) ~[spring-boot-1.2.5.RELEASE.jar:1.2.5.RELEASE]
	at org.springframework.boot.context.properties.ConfigurationPropertiesBindingPostProcessor.afterPropertiesSet(ConfigurationPropertiesBindingPostProcessor.java:174) ~[spring-boot-1.2.5.RELEASE.jar:1.2.5.RELEASE]
	at org.springframework.beans.factory.support.AbstractAutowireCapableBeanFactory.invokeInitMethods(AbstractAutowireCapableBeanFactory.java:1633) ~[spring-beans-4.1.7.RELEASE.jar:4.1.7.RELEASE]
	at org.springframework.beans.factory.support.AbstractAutowireCapableBeanFactory.initializeBean(AbstractAutowireCapableBeanFactory.java:1570) ~[spring-beans-4.1.7.RELEASE.jar:4.1.7.RELEASE]
	... 20 common frames omitted
Caused by: javax.validation.ValidationException: HV000183: Unable to load 'javax.el.ExpressionFactory'. Check that you have the EL dependencies on the classpath
	at org.hibernate.validator.messageinterpolation.ResourceBundleMessageInterpolator.<init>(ResourceBundleMessageInterpolator.java:172) ~[hibernate-validator-5.1.3.Final.jar:5.1.3.Final]
	at org.hibernate.validator.messageinterpolation.ResourceBundleMessageInterpolator.<init>(ResourceBundleMessageInterpolator.java:118) ~[hibernate-validator-5.1.3.Final.jar:5.1.3.Final]
	at org.hibernate.validator.internal.engine.ConfigurationImpl.<init>(ConfigurationImpl.java:110) ~[hibernate-validator-5.1.3.Final.jar:5.1.3.Final]
	at org.hibernate.validator.internal.engine.ConfigurationImpl.<init>(ConfigurationImpl.java:86) ~[hibernate-validator-5.1.3.Final.jar:5.1.3.Final]
	at org.hibernate.validator.HibernateValidator.createGenericConfiguration(HibernateValidator.java:41) ~[hibernate-validator-5.1.3.Final.jar:5.1.3.Final]
	at javax.validation.Validation$GenericBootstrapImpl.configure(Validation.java:276) ~[validation-api-1.1.0.Final.jar:na]
	... 25 common frames omitted
15:08:05.198 2039 [main] DEBUG com.hoon.cmd.Application - ==[Application main method start]==
15:08:06.107 2948 [main] INFO  com.hoon.cmd.Application - Starting Application on hoon-PC with PID 5108 (C:\dev\project\cmdProject\cmd-web\build\classes\main started by hoon in C:\dev\project\cmdProject)
15:08:06.108 2949 [main] DEBUG com.hoon.cmd.Application - Running with Spring Boot v1.2.5.RELEASE, Spring v4.1.7.RELEASE
15:08:06.189 3030 [main] INFO  o.s.b.c.e.AnnotationConfigEmbeddedWebApplicationContext - Refreshing org.springframework.boot.context.embedded.AnnotationConfigEmbeddedWebApplicationContext@20ce78ec: startup date [Fri Oct 16 15:08:06 KST 2015]; root of context hierarchy
15:08:08.234 5075 [main] INFO  o.s.b.f.s.DefaultListableBeanFactory - Overriding bean definition for bean 'beanNameViewResolver': replacing [Root bean: class [null]; scope=; abstract=false; lazyInit=false; autowireMode=3; dependencyCheck=0; autowireCandidate=true; primary=false; factoryBeanName=org.springframework.boot.autoconfigure.web.ErrorMvcAutoConfiguration$WhitelabelErrorViewConfiguration; factoryMethodName=beanNameViewResolver; initMethodName=null; destroyMethodName=(inferred); defined in class path resource [org/springframework/boot/autoconfigure/web/ErrorMvcAutoConfiguration$WhitelabelErrorViewConfiguration.class]] with [Root bean: class [null]; scope=; abstract=false; lazyInit=false; autowireMode=3; dependencyCheck=0; autowireCandidate=true; primary=false; factoryBeanName=org.springframework.boot.autoconfigure.web.WebMvcAutoConfiguration$WebMvcAutoConfigurationAdapter; factoryMethodName=beanNameViewResolver; initMethodName=null; destroyMethodName=(inferred); defined in class path resource [org/springframework/boot/autoconfigure/web/WebMvcAutoConfiguration$WebMvcAutoConfigurationAdapter.class]]
15:08:09.365 6206 [main] DEBUG org.jboss.logging - Logging Provider: org.jboss.logging.Slf4jLoggerProvider
15:08:09.367 6208 [main] INFO  o.h.validator.internal.util.Version - HV000001: Hibernate Validator 5.1.3.Final
15:08:09.384 6225 [main] DEBUG o.h.v.i.e.r.DefaultTraversableResolver - Found javax.persistence.Persistence on classpath containing 'getPersistenceUtil'. Assuming JPA 2 environment. Trying to instantiate JPA aware TraversableResolver
15:08:09.386 6227 [main] DEBUG o.h.v.i.e.r.DefaultTraversableResolver - Instantiated JPA aware TraversableResolver of type org.hibernate.validator.internal.engine.resolver.JPATraversableResolver.
15:08:09.409 6250 [main] WARN  o.s.b.c.e.AnnotationConfigEmbeddedWebApplicationContext - Exception encountered during context initialization - cancelling refresh attempt
org.springframework.beans.factory.BeanCreationException: Error creating bean with name 'org.springframework.boot.context.properties.ConfigurationPropertiesBindingPostProcessor': Invocation of init method failed; nested exception is javax.validation.ValidationException: Unable to instantiate Configuration.
	at org.springframework.beans.factory.support.AbstractAutowireCapableBeanFactory.initializeBean(AbstractAutowireCapableBeanFactory.java:1574) ~[spring-beans-4.1.7.RELEASE.jar:4.1.7.RELEASE]
	at org.springframework.beans.factory.support.AbstractAutowireCapableBeanFactory.doCreateBean(AbstractAutowireCapableBeanFactory.java:539) ~[spring-beans-4.1.7.RELEASE.jar:4.1.7.RELEASE]
	at org.springframework.beans.factory.support.AbstractAutowireCapableBeanFactory.createBean(AbstractAutowireCapableBeanFactory.java:476) ~[spring-beans-4.1.7.RELEASE.jar:4.1.7.RELEASE]
	at org.springframework.beans.factory.support.AbstractBeanFactory$1.getObject(AbstractBeanFactory.java:303) ~[spring-beans-4.1.7.RELEASE.jar:4.1.7.RELEASE]
	at org.springframework.beans.factory.support.DefaultSingletonBeanRegistry.getSingleton(DefaultSingletonBeanRegistry.java:230) ~[spring-beans-4.1.7.RELEASE.jar:4.1.7.RELEASE]
	at org.springframework.beans.factory.support.AbstractBeanFactory.doGetBean(AbstractBeanFactory.java:299) ~[spring-beans-4.1.7.RELEASE.jar:4.1.7.RELEASE]
	at org.springframework.beans.factory.support.AbstractBeanFactory.getBean(AbstractBeanFactory.java:199) ~[spring-beans-4.1.7.RELEASE.jar:4.1.7.RELEASE]
	at org.springframework.context.support.PostProcessorRegistrationDelegate.registerBeanPostProcessors(PostProcessorRegistrationDelegate.java:199) ~[spring-context-4.1.7.RELEASE.jar:4.1.7.RELEASE]
	at org.springframework.context.support.AbstractApplicationContext.registerBeanPostProcessors(AbstractApplicationContext.java:615) ~[spring-context-4.1.7.RELEASE.jar:4.1.7.RELEASE]
	at org.springframework.context.support.AbstractApplicationContext.refresh(AbstractApplicationContext.java:465) ~[spring-context-4.1.7.RELEASE.jar:4.1.7.RELEASE]
	at org.springframework.boot.context.embedded.EmbeddedWebApplicationContext.refresh(EmbeddedWebApplicationContext.java:118) [spring-boot-1.2.5.RELEASE.jar:1.2.5.RELEASE]
	at org.springframework.boot.SpringApplication.refresh(SpringApplication.java:686) [spring-boot-1.2.5.RELEASE.jar:1.2.5.RELEASE]
	at org.springframework.boot.SpringApplication.run(SpringApplication.java:320) [spring-boot-1.2.5.RELEASE.jar:1.2.5.RELEASE]
	at org.springframework.boot.SpringApplication.run(SpringApplication.java:957) [spring-boot-1.2.5.RELEASE.jar:1.2.5.RELEASE]
	at org.springframework.boot.SpringApplication.run(SpringApplication.java:946) [spring-boot-1.2.5.RELEASE.jar:1.2.5.RELEASE]
	at com.hoon.cmd.Application.main(Application.java:24) [main/:na]
	at sun.reflect.NativeMethodAccessorImpl.invoke0(Native Method) ~[na:1.8.0_51]
	at sun.reflect.NativeMethodAccessorImpl.invoke(NativeMethodAccessorImpl.java:62) ~[na:1.8.0_51]
	at sun.reflect.DelegatingMethodAccessorImpl.invoke(DelegatingMethodAccessorImpl.java:43) ~[na:1.8.0_51]
	at java.lang.reflect.Method.invoke(Method.java:497) ~[na:1.8.0_51]
	at com.intellij.rt.execution.application.AppMain.main(AppMain.java:140) [idea_rt.jar:na]
Caused by: javax.validation.ValidationException: Unable to instantiate Configuration.
	at javax.validation.Validation$GenericBootstrapImpl.configure(Validation.java:279) ~[validation-api-1.1.0.Final.jar:na]
	at org.springframework.validation.beanvalidation.LocalValidatorFactoryBean.afterPropertiesSet(LocalValidatorFactoryBean.java:223) ~[spring-context-4.1.7.RELEASE.jar:4.1.7.RELEASE]
	at org.springframework.boot.context.properties.ConfigurationPropertiesBindingPostProcessor$Jsr303ValidatorFactory.run(ConfigurationPropertiesBindingPostProcessor.java:381) ~[spring-boot-1.2.5.RELEASE.jar:1.2.5.RELEASE]
	at org.springframework.boot.context.properties.ConfigurationPropertiesBindingPostProcessor.afterPropertiesSet(ConfigurationPropertiesBindingPostProcessor.java:174) ~[spring-boot-1.2.5.RELEASE.jar:1.2.5.RELEASE]
	at org.springframework.beans.factory.support.AbstractAutowireCapableBeanFactory.invokeInitMethods(AbstractAutowireCapableBeanFactory.java:1633) ~[spring-beans-4.1.7.RELEASE.jar:4.1.7.RELEASE]
	at org.springframework.beans.factory.support.AbstractAutowireCapableBeanFactory.initializeBean(AbstractAutowireCapableBeanFactory.java:1570) ~[spring-beans-4.1.7.RELEASE.jar:4.1.7.RELEASE]
	... 20 common frames omitted
Caused by: javax.validation.ValidationException: HV000183: Unable to load 'javax.el.ExpressionFactory'. Check that you have the EL dependencies on the classpath
	at org.hibernate.validator.messageinterpolation.ResourceBundleMessageInterpolator.<init>(ResourceBundleMessageInterpolator.java:172) ~[hibernate-validator-5.1.3.Final.jar:5.1.3.Final]
	at org.hibernate.validator.messageinterpolation.ResourceBundleMessageInterpolator.<init>(ResourceBundleMessageInterpolator.java:118) ~[hibernate-validator-5.1.3.Final.jar:5.1.3.Final]
	at org.hibernate.validator.internal.engine.ConfigurationImpl.<init>(ConfigurationImpl.java:110) ~[hibernate-validator-5.1.3.Final.jar:5.1.3.Final]
	at org.hibernate.validator.internal.engine.ConfigurationImpl.<init>(ConfigurationImpl.java:86) ~[hibernate-validator-5.1.3.Final.jar:5.1.3.Final]
	at org.hibernate.validator.HibernateValidator.createGenericConfiguration(HibernateValidator.java:41) ~[hibernate-validator-5.1.3.Final.jar:5.1.3.Final]
	at javax.validation.Validation$GenericBootstrapImpl.configure(Validation.java:276) ~[validation-api-1.1.0.Final.jar:na]
	... 25 common frames omitted
15:08:09.420 6261 [main] INFO  o.s.b.l.ClasspathLoggingApplicationListener - Application failed to start with classpath: [file:/C:/dev/java/jdk1.8.0_51/jre/lib/charsets.jar, file:/C:/dev/java/jdk1.8.0_51/jre/lib/deploy.jar, file:/C:/dev/java/jdk1.8.0_51/jre/lib/javaws.jar, file:/C:/dev/java/jdk1.8.0_51/jre/lib/jce.jar, file:/C:/dev/java/jdk1.8.0_51/jre/lib/jfr.jar, file:/C:/dev/java/jdk1.8.0_51/jre/lib/jfxswt.jar, file:/C:/dev/java/jdk1.8.0_51/jre/lib/jsse.jar, file:/C:/dev/java/jdk1.8.0_51/jre/lib/management-agent.jar, file:/C:/dev/java/jdk1.8.0_51/jre/lib/plugin.jar, file:/C:/dev/java/jdk1.8.0_51/jre/lib/resources.jar, file:/C:/dev/java/jdk1.8.0_51/jre/lib/rt.jar, file:/C:/dev/java/jdk1.8.0_51/jre/lib/ext/access-bridge-64.jar, file:/C:/dev/java/jdk1.8.0_51/jre/lib/ext/cldrdata.jar, file:/C:/dev/java/jdk1.8.0_51/jre/lib/ext/dnsns.jar, file:/C:/dev/java/jdk1.8.0_51/jre/lib/ext/jaccess.jar, file:/C:/dev/java/jdk1.8.0_51/jre/lib/ext/jfxrt.jar, file:/C:/dev/java/jdk1.8.0_51/jre/lib/ext/localedata.jar, file:/C:/dev/java/jdk1.8.0_51/jre/lib/ext/nashorn.jar, file:/C:/dev/java/jdk1.8.0_51/jre/lib/ext/sunec.jar, file:/C:/dev/java/jdk1.8.0_51/jre/lib/ext/sunjce_provider.jar, file:/C:/dev/java/jdk1.8.0_51/jre/lib/ext/sunmscapi.jar, file:/C:/dev/java/jdk1.8.0_51/jre/lib/ext/sunpkcs11.jar, file:/C:/dev/java/jdk1.8.0_51/jre/lib/ext/zipfs.jar, file:/C:/dev/project/cmdProject/cmd-web/build/classes/main/, file:/C:/dev/project/cmdProject/cmd-web/build/resources/main/, file:/C:/Users/hoon/.m2/repository/aopalliance/aopalliance/1.0/aopalliance-1.0.jar, file:/C:/Users/hoon/.gradle/caches/modules-2/files-2.1/org.springframework.boot/spring-boot-starter-data-jpa/1.2.5.RELEASE/61f0c37e9c6e966e8833c9cc9a5fa855b9789907/spring-boot-starter-data-jpa-1.2.5.RELEASE.jar, file:/C:/Users/hoon/.gradle/caches/modules-2/files-2.1/org.springframework.boot/spring-boot-starter-actuator/1.2.5.RELEASE/40bf8cebd6ce727abc1f671f9d7445f7f400a27d/spring-boot-starter-actuator-1.2.5.RELEASE.jar, file:/C:/Users/hoon/.gradle/caches/modules-2/files-2.1/mysql/mysql-connector-java/5.1.35/b6ac941b7288376a7e8bc6490264bbd4427fb94e/mysql-connector-java-5.1.35.jar, file:/C:/Users/hoon/.gradle/caches/modules-2/files-2.1/org.projectlombok/lombok/1.16.6/9d3a47307466b28632bf35f8972ae9d703879416/lombok-1.16.6.jar, file:/C:/Users/hoon/.gradle/caches/modules-2/files-2.1/org.codehaus.janino/janino/2.7.7/3c4247c17972015c8a088eb8479f188e993c02c4/janino-2.7.7.jar, file:/C:/Users/hoon/.gradle/caches/modules-2/files-2.1/org.springframework.boot/spring-boot-starter-batch/1.2.5.RELEASE/d82a827fe74d6fe8fc1ae1bd9eb250a4b2d33c15/spring-boot-starter-batch-1.2.5.RELEASE.jar, file:/C:/Users/hoon/.gradle/caches/modules-2/files-2.1/commons-io/commons-io/2.4/b1b6ea3b7e4aa4f492509a4952029cd8e48019ad/commons-io-2.4.jar, file:/C:/Users/hoon/.gradle/caches/modules-2/files-2.1/org.springframework.boot/spring-boot-starter-web/1.2.5.RELEASE/afe2043ba5aa7d112a4ef0c907ebc6dbf8b93ce5/spring-boot-starter-web-1.2.5.RELEASE.jar, file:/C:/Users/hoon/.m2/repository/javax/servlet/jstl/1.2/jstl-1.2.jar, file:/C:/Users/hoon/.gradle/caches/modules-2/files-2.1/javax.servlet/javax.servlet-api/3.1.0/3cd63d075497751784b2fa84be59432f4905bf7c/javax.servlet-api-3.1.0.jar, file:/C:/Users/hoon/.gradle/caches/modules-2/files-2.1/org.springframework.boot/spring-boot-starter/1.2.5.RELEASE/416b6339599892cb33077c9fd901de7669c38cbe/spring-boot-starter-1.2.5.RELEASE.jar, file:/C:/Users/hoon/.gradle/caches/modules-2/files-2.1/org.springframework.boot/spring-boot-starter-aop/1.2.5.RELEASE/43a1370e25daf67bbb0aa2b5d5375c31e6ca0c2/spring-boot-starter-aop-1.2.5.RELEASE.jar, file:/C:/Users/hoon/.gradle/caches/modules-2/files-2.1/org.springframework/spring-core/4.1.7.RELEASE/9f8e34eef228f44bda771c9dc62e9f1efa82c92d/spring-core-4.1.7.RELEASE.jar, file:/C:/Users/hoon/.gradle/caches/modules-2/files-2.1/org.springframework.boot/spring-boot-starter-jdbc/1.2.5.RELEASE/b3d82a1f451318dfe45ccbc77ce6f346b95b81c1/spring-boot-starter-jdbc-1.2.5.RELEASE.jar, file:/C:/Users/hoon/.gradle/caches/modules-2/files-2.1/org.hibernate/hibernate-entitymanager/4.3.10.Final/1d1beb7bbd179d9bf241c4a8165f0bf3693aca/hibernate-entitymanager-4.3.10.Final.jar, file:/C:/Users/hoon/.gradle/caches/modules-2/files-2.1/javax.transaction/javax.transaction-api/1.2/d81aff979d603edd90dcd8db2abc1f4ce6479e3e/javax.transaction-api-1.2.jar, file:/C:/Users/hoon/.gradle/caches/modules-2/files-2.1/org.springframework/spring-orm/4.1.7.RELEASE/d8923bdffe631904899875e719d8b363bc3deaea/spring-orm-4.1.7.RELEASE.jar, file:/C:/Users/hoon/.gradle/caches/modules-2/files-2.1/org.springframework.data/spring-data-jpa/1.7.3.RELEASE/6cabfad10bc17017f31e6a066a25b238f9f5657b/spring-data-jpa-1.7.3.RELEASE.jar, file:/C:/Users/hoon/.gradle/caches/modules-2/files-2.1/org.springframework/spring-aspects/4.1.7.RELEASE/7bba74bc38abf8fdaa8ad8288574edb4430ed490/spring-aspects-4.1.7.RELEASE.jar, file:/C:/Users/hoon/.gradle/caches/modules-2/files-2.1/org.springframework.boot/spring-boot-actuator/1.2.5.RELEASE/e4fb248898da60475d73a24b32797a591d6b763c/spring-boot-actuator-1.2.5.RELEASE.jar, file:/C:/Users/hoon/.gradle/caches/modules-2/files-2.1/org.codehaus.janino/commons-compiler/2.7.7/6dbf5af89c388b52560deea8f2c7deb7d52a990b/commons-compiler-2.7.7.jar, file:/C:/Users/hoon/.gradle/caches/modules-2/files-2.1/org.hsqldb/hsqldb/2.3.3/d12d506194447dffb8a2b05dd2c50b0cdd73d9d1/hsqldb-2.3.3.jar, file:/C:/Users/hoon/.gradle/caches/modules-2/files-2.1/org.springframework/spring-jdbc/4.1.7.RELEASE/5e4c9931acaf2857efe5f1ad27e4791c0855b8b2/spring-jdbc-4.1.7.RELEASE.jar, file:/C:/Users/hoon/.gradle/caches/modules-2/files-2.1/org.springframework.batch/spring-batch-core/3.0.4.RELEASE/a5b81509164a8af57e47aa2a73db7ec6df180b5/spring-batch-core-3.0.4.RELEASE.jar, file:/C:/Users/hoon/.gradle/caches/modules-2/files-2.1/com.fasterxml.jackson.core/jackson-databind/2.4.6/3e63a25de4065697b185f523ed5e020c0db3ff0/jackson-databind-2.4.6.jar, file:/C:/Users/hoon/.gradle/caches/modules-2/files-2.1/org.hibernate/hibernate-validator/5.1.3.Final/334d46a93cf095160ce06d8382594b904933c808/hibernate-validator-5.1.3.Final.jar, file:/C:/Users/hoon/.gradle/caches/modules-2/files-2.1/org.springframework/spring-web/4.1.7.RELEASE/2d9245006b788d7d6afeec85a43e4bfe2e46340a/spring-web-4.1.7.RELEASE.jar, file:/C:/Users/hoon/.gradle/caches/modules-2/files-2.1/org.springframework/spring-webmvc/4.1.7.RELEASE/b6b9f604cb2223251cae67fff7ca2b1d9ff1c2d8/spring-webmvc-4.1.7.RELEASE.jar, file:/C:/Users/hoon/.gradle/caches/modules-2/files-2.1/org.springframework.boot/spring-boot/1.2.5.RELEASE/d12969adffe18f6f778451b1a8d1dab485ab4a03/spring-boot-1.2.5.RELEASE.jar, file:/C:/Users/hoon/.gradle/caches/modules-2/files-2.1/org.springframework.boot/spring-boot-autoconfigure/1.2.5.RELEASE/8f1ee1f5e37723dd0e2cd3b05c6fc9268798b93d/spring-boot-autoconfigure-1.2.5.RELEASE.jar, file:/C:/Users/hoon/.gradle/caches/modules-2/files-2.1/org.springframework.boot/spring-boot-starter-logging/1.2.5.RELEASE/79df0d68a15dd5437010e46df1806482a7878e76/spring-boot-starter-logging-1.2.5.RELEASE.jar, file:/C:/Users/hoon/.gradle/caches/modules-2/files-2.1/org.yaml/snakeyaml/1.14/c2df91929ed06a25001939929bff5120e0ea3fd4/snakeyaml-1.14.jar, file:/C:/Users/hoon/.gradle/caches/modules-2/files-2.1/org.springframework/spring-aop/4.1.7.RELEASE/127f005bac8ec1fbbbc5bb1595d78c6179394a46/spring-aop-4.1.7.RELEASE.jar, file:/C:/Users/hoon/.gradle/caches/modules-2/files-2.1/org.aspectj/aspectjrt/1.8.6/a7db7ea5f7bb18a1cbd9f24edd0e666504800be/aspectjrt-1.8.6.jar, file:/C:/Users/hoon/.gradle/caches/modules-2/files-2.1/org.aspectj/aspectjweaver/1.8.6/7108cf65148f29a55ebf23db2c46224ea9d086dc/aspectjweaver-1.8.6.jar, file:/C:/Users/hoon/.gradle/caches/modules-2/files-2.1/org.apache.tomcat/tomcat-jdbc/8.0.23/e304d420d7d43dcedb8c5bec005abc120b7c7ac3/tomcat-jdbc-8.0.23.jar, file:/C:/Users/hoon/.gradle/caches/modules-2/files-2.1/org.springframework/spring-tx/4.1.7.RELEASE/3465a5d3b24006d51482cf45abd13e347f64582a/spring-tx-4.1.7.RELEASE.jar, file:/C:/Users/hoon/.gradle/caches/modules-2/files-2.1/org.jboss.logging/jboss-logging/3.1.3.GA/64499e907f19e5e1b3fdc02f81440c1832fe3545/jboss-logging-3.1.3.GA.jar, file:/C:/Users/hoon/.gradle/caches/modules-2/files-2.1/org.jboss.logging/jboss-logging-annotations/1.2.0.Beta1/2f437f37bb265d9f8f1392823dbca12d2bec06d6/jboss-logging-annotations-1.2.0.Beta1.jar, file:/C:/Users/hoon/.gradle/caches/modules-2/files-2.1/org.hibernate/hibernate-core/4.3.10.Final/6dbf5fe7a8cb307587ad4b4a97ae0933bba5e2a9/hibernate-core-4.3.10.Final.jar, file:/C:/Users/hoon/.m2/repository/dom4j/dom4j/1.6.1/dom4j-1.6.1.jar, file:/C:/Users/hoon/.gradle/caches/modules-2/files-2.1/org.hibernate.common/hibernate-commons-annotations/4.0.5.Final/2a581b9edb8168e45060d8bad8b7f46712d2c52c/hibernate-commons-annotations-4.0.5.Final.jar, file:/C:/Users/hoon/.gradle/caches/modules-2/files-2.1/org.hibernate.javax.persistence/hibernate-jpa-2.1-api/1.0.0.Final/5e731d961297e5a07290bfaf3db1fbc8bbbf405a/hibernate-jpa-2.1-api-1.0.0.Final.jar, file:/C:/Users/hoon/.gradle/caches/modules-2/files-2.1/org.javassist/javassist/3.18.1-GA/d9a09f7732226af26bf99f19e2cffe0ae219db5b/javassist-3.18.1-GA.jar, file:/C:/Users/hoon/.gradle/caches/modules-2/files-2.1/org.springframework/spring-beans/4.1.7.RELEASE/e52148e9671e2918a2172c9cf56b77bede2042ce/spring-beans-4.1.7.RELEASE.jar, file:/C:/Users/hoon/.gradle/caches/modules-2/files-2.1/org.springframework.data/spring-data-commons/1.9.3.RELEASE/4cb967936cfb3ddaa493d632120b765d918caafd/spring-data-commons-1.9.3.RELEASE.jar, file:/C:/Users/hoon/.gradle/caches/modules-2/files-2.1/org.slf4j/slf4j-api/1.7.12/8e20852d05222dc286bf1c71d78d0531e177c317/slf4j-api-1.7.12.jar, file:/C:/Users/hoon/.gradle/caches/modules-2/files-2.1/org.slf4j/jcl-over-slf4j/1.7.12/adef7a9e1263298255fdb5cb107ff171d07c82f3/jcl-over-slf4j-1.7.12.jar, file:/C:/Users/hoon/.gradle/caches/modules-2/files-2.1/com.ibm.jbatch/com.ibm.jbatch-tck-spi/1.0/8ac869b0a60bff1a15eba0fb6398942410396938/com.ibm.jbatch-tck-spi-1.0.jar, file:/C:/Users/hoon/.gradle/caches/modules-2/files-2.1/com.thoughtworks.xstream/xstream/1.4.7/bce3282142b63068260f021fcbe48b72e8d71a1a/xstream-1.4.7.jar, file:/C:/Users/hoon/.gradle/caches/modules-2/files-2.1/org.codehaus.jettison/jettison/1.2/765a6181653f4b05c18c7a9e8f5c1f8269bf9b2/jettison-1.2.jar, file:/C:/Users/hoon/.gradle/caches/modules-2/files-2.1/org.springframework.batch/spring-batch-infrastructure/3.0.4.RELEASE/8c476b185d9ba56c48f463834d1e94b190fb3283/spring-batch-infrastructure-3.0.4.RELEASE.jar, file:/C:/Users/hoon/.m2/repository/com/fasterxml/jackson/core/jackson-annotations/2.4.0/jackson-annotations-2.4.0.jar, file:/C:/Users/hoon/.gradle/caches/modules-2/files-2.1/com.fasterxml.jackson.core/jackson-core/2.4.6/2a1f6edb86b8c6d29f37f6a807295d4e5c279707/jackson-core-2.4.6.jar, file:/C:/Users/hoon/.m2/repository/javax/validation/validation-api/1.1.0.Final/validation-api-1.1.0.Final.jar, file:/C:/Users/hoon/.m2/repository/com/fasterxml/classmate/1.0.0/classmate-1.0.0.jar, file:/C:/Users/hoon/.gradle/caches/modules-2/files-2.1/org.springframework/spring-expression/4.1.7.RELEASE/9bc3b81d05961f042ea4a45e84d60cdc59ea51f5/spring-expression-4.1.7.RELEASE.jar, file:/C:/Users/hoon/.gradle/caches/modules-2/files-2.1/org.slf4j/jul-to-slf4j/1.7.12/8811e2e9ab9055e557598dc9aedc64fd43e0ab20/jul-to-slf4j-1.7.12.jar, file:/C:/Users/hoon/.gradle/caches/modules-2/files-2.1/org.slf4j/log4j-over-slf4j/1.7.12/d2444c9c7c1923304c25f86c5ee83a79a8166205/log4j-over-slf4j-1.7.12.jar, file:/C:/Users/hoon/.gradle/caches/modules-2/files-2.1/ch.qos.logback/logback-classic/1.1.3/d90276fff414f06cb375f2057f6778cd63c6082f/logback-classic-1.1.3.jar, file:/C:/Users/hoon/.gradle/caches/modules-2/files-2.1/org.apache.tomcat/tomcat-juli/8.0.23/ad69207bd7a6eb39c8daa5f31c78749f0672e14d/tomcat-juli-8.0.23.jar, file:/C:/Users/hoon/.m2/repository/antlr/antlr/2.7.7/antlr-2.7.7.jar, file:/C:/Users/hoon/.gradle/caches/modules-2/files-2.1/org.jboss/jandex/1.1.0.Final/e84a2122e76f0b6503be78094ddf2108057ac15f/jandex-1.1.0.Final.jar, file:/C:/Users/hoon/.m2/repository/xml-apis/xml-apis/1.0.b2/xml-apis-1.0.b2.jar, file:/C:/Users/hoon/.gradle/caches/modules-2/files-2.1/javax.batch/javax.batch-api/1.0/65392d027a6eb369fd9fcd1b75cae150e25ac03c/javax.batch-api-1.0.jar, file:/C:/Users/hoon/.gradle/caches/modules-2/files-2.1/xmlpull/xmlpull/1.1.3.1/2b8e230d2ab644e4ecaa94db7cdedbc40c805dfa/xmlpull-1.1.3.1.jar, file:/C:/Users/hoon/.m2/repository/xpp3/xpp3_min/1.1.4c/xpp3_min-1.1.4c.jar, file:/C:/Users/hoon/.gradle/caches/modules-2/files-2.1/org.springframework.retry/spring-retry/1.1.0.RELEASE/f7e1ec1fd7c8fcaca490fd298c5b3fe711cb5ed9/spring-retry-1.1.0.RELEASE.jar, file:/C:/Users/hoon/.gradle/caches/modules-2/files-2.1/ch.qos.logback/logback-core/1.1.3/e3c02049f2dbbc764681b40094ecf0dcbc99b157/logback-core-1.1.3.jar, file:/C:/Users/hoon/.gradle/caches/modules-2/files-2.1/org.springframework/spring-context/4.1.7.RELEASE/8c6c02bcccfa23a74db59f7b7725e69e1af38f04/spring-context-4.1.7.RELEASE.jar, file:/C:/dev/project/cmdProject/cmd-domain/build/classes/main/, file:/C:/dev/project/cmdProject/cmd-domain/build/resources/main/, file:/C:/Users/hoon/.gradle/caches/modules-2/files-2.1/com.mysema.querydsl/querydsl-jpa/3.6.6/e9aec8a585a7046d14be33cf2e7a125f3f4adb2b/querydsl-jpa-3.6.6.jar, file:/C:/Users/hoon/.gradle/caches/modules-2/files-2.1/com.mysema.querydsl/querydsl-core/3.6.6/756febff45a1b87e3fbd84955846ceaf02444d3a/querydsl-core-3.6.6.jar, file:/C:/Users/hoon/.gradle/caches/modules-2/files-2.1/com.google.guava/guava/18.0/cce0823396aa693798f8882e64213b1772032b09/guava-18.0.jar, file:/C:/Users/hoon/.m2/repository/com/google/code/findbugs/jsr305/1.3.9/jsr305-1.3.9.jar, file:/C:/Users/hoon/.gradle/caches/modules-2/files-2.1/com.mysema.commons/mysema-commons-lang/0.2.4/d09c8489d54251a6c22fbce804bdd4a070557317/mysema-commons-lang-0.2.4.jar, file:/C:/Users/hoon/.gradle/caches/modules-2/files-2.1/com.infradna.tool/bridge-method-annotation/1.13/18cdce50cde6f54ee5390d0907384f72183ff0fe/bridge-method-annotation-1.13.jar, file:/C:/dev/java/JetBrains/IntelliJ%20IDEA%2014.1.4/lib/idea_rt.jar]
15:08:09.424 6265 [main] ERROR o.s.boot.SpringApplication - Application startup failed
org.springframework.beans.factory.BeanCreationException: Error creating bean with name 'org.springframework.boot.context.properties.ConfigurationPropertiesBindingPostProcessor': Invocation of init method failed; nested exception is javax.validation.ValidationException: Unable to instantiate Configuration.
	at org.springframework.beans.factory.support.AbstractAutowireCapableBeanFactory.initializeBean(AbstractAutowireCapableBeanFactory.java:1574) ~[spring-beans-4.1.7.RELEASE.jar:4.1.7.RELEASE]
	at org.springframework.beans.factory.support.AbstractAutowireCapableBeanFactory.doCreateBean(AbstractAutowireCapableBeanFactory.java:539) ~[spring-beans-4.1.7.RELEASE.jar:4.1.7.RELEASE]
	at org.springframework.beans.factory.support.AbstractAutowireCapableBeanFactory.createBean(AbstractAutowireCapableBeanFactory.java:476) ~[spring-beans-4.1.7.RELEASE.jar:4.1.7.RELEASE]
	at org.springframework.beans.factory.support.AbstractBeanFactory$1.getObject(AbstractBeanFactory.java:303) ~[spring-beans-4.1.7.RELEASE.jar:4.1.7.RELEASE]
	at org.springframework.beans.factory.support.DefaultSingletonBeanRegistry.getSingleton(DefaultSingletonBeanRegistry.java:230) ~[spring-beans-4.1.7.RELEASE.jar:4.1.7.RELEASE]
	at org.springframework.beans.factory.support.AbstractBeanFactory.doGetBean(AbstractBeanFactory.java:299) ~[spring-beans-4.1.7.RELEASE.jar:4.1.7.RELEASE]
	at org.springframework.beans.factory.support.AbstractBeanFactory.getBean(AbstractBeanFactory.java:199) ~[spring-beans-4.1.7.RELEASE.jar:4.1.7.RELEASE]
	at org.springframework.context.support.PostProcessorRegistrationDelegate.registerBeanPostProcessors(PostProcessorRegistrationDelegate.java:199) ~[spring-context-4.1.7.RELEASE.jar:4.1.7.RELEASE]
	at org.springframework.context.support.AbstractApplicationContext.registerBeanPostProcessors(AbstractApplicationContext.java:615) ~[spring-context-4.1.7.RELEASE.jar:4.1.7.RELEASE]
	at org.springframework.context.support.AbstractApplicationContext.refresh(AbstractApplicationContext.java:465) ~[spring-context-4.1.7.RELEASE.jar:4.1.7.RELEASE]
	at org.springframework.boot.context.embedded.EmbeddedWebApplicationContext.refresh(EmbeddedWebApplicationContext.java:118) ~[spring-boot-1.2.5.RELEASE.jar:1.2.5.RELEASE]
	at org.springframework.boot.SpringApplication.refresh(SpringApplication.java:686) [spring-boot-1.2.5.RELEASE.jar:1.2.5.RELEASE]
	at org.springframework.boot.SpringApplication.run(SpringApplication.java:320) [spring-boot-1.2.5.RELEASE.jar:1.2.5.RELEASE]
	at org.springframework.boot.SpringApplication.run(SpringApplication.java:957) [spring-boot-1.2.5.RELEASE.jar:1.2.5.RELEASE]
	at org.springframework.boot.SpringApplication.run(SpringApplication.java:946) [spring-boot-1.2.5.RELEASE.jar:1.2.5.RELEASE]
	at com.hoon.cmd.Application.main(Application.java:24) [main/:na]
	at sun.reflect.NativeMethodAccessorImpl.invoke0(Native Method) ~[na:1.8.0_51]
	at sun.reflect.NativeMethodAccessorImpl.invoke(NativeMethodAccessorImpl.java:62) ~[na:1.8.0_51]
	at sun.reflect.DelegatingMethodAccessorImpl.invoke(DelegatingMethodAccessorImpl.java:43) ~[na:1.8.0_51]
	at java.lang.reflect.Method.invoke(Method.java:497) ~[na:1.8.0_51]
	at com.intellij.rt.execution.application.AppMain.main(AppMain.java:140) [idea_rt.jar:na]
Caused by: javax.validation.ValidationException: Unable to instantiate Configuration.
	at javax.validation.Validation$GenericBootstrapImpl.configure(Validation.java:279) ~[validation-api-1.1.0.Final.jar:na]
	at org.springframework.validation.beanvalidation.LocalValidatorFactoryBean.afterPropertiesSet(LocalValidatorFactoryBean.java:223) ~[spring-context-4.1.7.RELEASE.jar:4.1.7.RELEASE]
	at org.springframework.boot.context.properties.ConfigurationPropertiesBindingPostProcessor$Jsr303ValidatorFactory.run(ConfigurationPropertiesBindingPostProcessor.java:381) ~[spring-boot-1.2.5.RELEASE.jar:1.2.5.RELEASE]
	at org.springframework.boot.context.properties.ConfigurationPropertiesBindingPostProcessor.afterPropertiesSet(ConfigurationPropertiesBindingPostProcessor.java:174) ~[spring-boot-1.2.5.RELEASE.jar:1.2.5.RELEASE]
	at org.springframework.beans.factory.support.AbstractAutowireCapableBeanFactory.invokeInitMethods(AbstractAutowireCapableBeanFactory.java:1633) ~[spring-beans-4.1.7.RELEASE.jar:4.1.7.RELEASE]
	at org.springframework.beans.factory.support.AbstractAutowireCapableBeanFactory.initializeBean(AbstractAutowireCapableBeanFactory.java:1570) ~[spring-beans-4.1.7.RELEASE.jar:4.1.7.RELEASE]
	... 20 common frames omitted
Caused by: javax.validation.ValidationException: HV000183: Unable to load 'javax.el.ExpressionFactory'. Check that you have the EL dependencies on the classpath
	at org.hibernate.validator.messageinterpolation.ResourceBundleMessageInterpolator.<init>(ResourceBundleMessageInterpolator.java:172) ~[hibernate-validator-5.1.3.Final.jar:5.1.3.Final]
	at org.hibernate.validator.messageinterpolation.ResourceBundleMessageInterpolator.<init>(ResourceBundleMessageInterpolator.java:118) ~[hibernate-validator-5.1.3.Final.jar:5.1.3.Final]
	at org.hibernate.validator.internal.engine.ConfigurationImpl.<init>(ConfigurationImpl.java:110) ~[hibernate-validator-5.1.3.Final.jar:5.1.3.Final]
	at org.hibernate.validator.internal.engine.ConfigurationImpl.<init>(ConfigurationImpl.java:86) ~[hibernate-validator-5.1.3.Final.jar:5.1.3.Final]
	at org.hibernate.validator.HibernateValidator.createGenericConfiguration(HibernateValidator.java:41) ~[hibernate-validator-5.1.3.Final.jar:5.1.3.Final]
	at javax.validation.Validation$GenericBootstrapImpl.configure(Validation.java:276) ~[validation-api-1.1.0.Final.jar:na]
	... 25 common frames omitted
